{"/Users/prithvi/Desktop/Engineer Platform/aep-frontend/src/components/ui/hello.tsx": {"path":"/Users/prithvi/Desktop/Engineer Platform/aep-frontend/src/components/ui/hello.tsx","statementMap":{"0":{"start":{"line":2,"column":2},"end":{"line":2,"column":null}}},"fnMap":{"0":{"name":"Hello","decl":{"start":{"line":1,"column":24},"end":{"line":1,"column":32}},"loc":{"start":{"line":1,"column":32},"end":{"line":3,"column":null}},"line":1}},"branchMap":{},"s":{"0":1},"f":{"0":1},"b":{},"meta":{"lastBranch":0,"lastFunction":1,"lastStatement":1,"seen":{"f:1:24:1:32":0,"s:2:2:2:Infinity":0},"fnNames":{}}}
}
